2025-02-22T13:29:08.765Z error: Non-Operational Error - StatusCode: 400, Message: Unexpected number in JSON at position 161 (line 7 column 15)
2025-02-22T13:31:14.756Z error: Non-Operational Error - StatusCode: 400, Message: Unexpected number in JSON at position 161 (line 7 column 15)
2025-02-22T13:31:16.753Z error: Non-Operational Error - StatusCode: 400, Message: Unexpected number in JSON at position 161 (line 7 column 15)
2025-02-22T13:31:17.407Z error: Non-Operational Error - StatusCode: 400, Message: Unexpected number in JSON at position 161 (line 7 column 15)
2025-02-22T13:31:17.582Z error: Non-Operational Error - StatusCode: 400, Message: Unexpected number in JSON at position 161 (line 7 column 15)
2025-02-22T13:31:40.770Z error: Non-Operational Error - StatusCode: 400, Message: Unexpected number in JSON at position 161 (line 7 column 15)
2025-02-22T13:31:41.562Z error: Non-Operational Error - StatusCode: 400, Message: Unexpected number in JSON at position 161 (line 7 column 15)
2025-02-22T13:31:42.294Z error: Non-Operational Error - StatusCode: 400, Message: Unexpected number in JSON at position 161 (line 7 column 15)
2025-02-22T13:31:42.722Z error: Non-Operational Error - StatusCode: 400, Message: Unexpected number in JSON at position 161 (line 7 column 15)
2025-02-22T13:39:37.247Z error: Non-Operational Error - StatusCode: 400, Message: Unexpected number in JSON at position 161 (line 7 column 15)
2025-02-22T13:39:37.323Z error: Non-Operational Error - StatusCode: 400, Message: Unexpected number in JSON at position 161 (line 7 column 15)
2025-02-22T13:39:37.523Z error: Non-Operational Error - StatusCode: 400, Message: Unexpected number in JSON at position 161 (line 7 column 15)
2025-02-22T13:39:37.709Z error: Non-Operational Error - StatusCode: 400, Message: Unexpected number in JSON at position 161 (line 7 column 15)
2025-02-22T13:39:39.830Z error: Non-Operational Error - StatusCode: 400, Message: Unexpected number in JSON at position 161 (line 7 column 15)
2025-02-22T13:39:40.513Z error: Non-Operational Error - StatusCode: 400, Message: Unexpected number in JSON at position 161 (line 7 column 15)
2025-02-22T13:39:40.885Z error: Non-Operational Error - StatusCode: 400, Message: Unexpected number in JSON at position 161 (line 7 column 15)
2025-02-22T13:40:27.488Z error: Non-Operational Error - StatusCode: 400, Message: Unexpected number in JSON at position 161 (line 7 column 15)
2025-02-22T13:40:29.457Z error: Non-Operational Error - StatusCode: 400, Message: Unexpected number in JSON at position 161 (line 7 column 15)
2025-02-22T13:41:06.713Z error: Non-Operational Error - StatusCode: 400, Message: Unexpected number in JSON at position 161 (line 7 column 15)
2025-02-22T13:41:06.766Z error: Non-Operational Error - StatusCode: 400, Message: Unexpected number in JSON at position 161 (line 7 column 15)
2025-02-22T13:41:06.989Z error: Non-Operational Error - StatusCode: 400, Message: Unexpected number in JSON at position 161 (line 7 column 15)
2025-02-22T13:41:07.177Z error: Non-Operational Error - StatusCode: 400, Message: Unexpected number in JSON at position 161 (line 7 column 15)
2025-02-22T13:41:07.921Z error: Non-Operational Error - StatusCode: 400, Message: Unexpected number in JSON at position 161 (line 7 column 15)
2025-02-22T13:41:08.415Z error: Non-Operational Error - StatusCode: 400, Message: Unexpected number in JSON at position 161 (line 7 column 15)
2025-02-22T13:41:08.930Z error: Non-Operational Error - StatusCode: 400, Message: Unexpected number in JSON at position 161 (line 7 column 15)
2025-02-22T13:42:02.099Z error: Non-Operational Error - StatusCode: 400, Message: Unexpected number in JSON at position 161 (line 7 column 15)
2025-02-22T13:42:02.821Z error: Non-Operational Error - StatusCode: 400, Message: Unexpected number in JSON at position 161 (line 7 column 15)
2025-02-22T13:42:03.182Z error: Non-Operational Error - StatusCode: 400, Message: Unexpected number in JSON at position 161 (line 7 column 15)
2025-02-22T13:42:03.351Z error: Non-Operational Error - StatusCode: 400, Message: Unexpected number in JSON at position 161 (line 7 column 15)
2025-02-22T13:42:03.520Z error: Non-Operational Error - StatusCode: 400, Message: Unexpected number in JSON at position 161 (line 7 column 15)
2025-02-22T13:42:03.670Z error: Non-Operational Error - StatusCode: 400, Message: Unexpected number in JSON at position 161 (line 7 column 15)
2025-02-22T13:42:03.817Z error: Non-Operational Error - StatusCode: 400, Message: Unexpected number in JSON at position 161 (line 7 column 15)
2025-02-22T13:42:03.969Z error: Non-Operational Error - StatusCode: 400, Message: Unexpected number in JSON at position 161 (line 7 column 15)
2025-02-22T13:42:04.162Z error: Non-Operational Error - StatusCode: 400, Message: Unexpected number in JSON at position 161 (line 7 column 15)
2025-02-22T13:42:04.302Z error: Non-Operational Error - StatusCode: 400, Message: Unexpected number in JSON at position 161 (line 7 column 15)
2025-02-22T13:42:04.669Z error: Non-Operational Error - StatusCode: 400, Message: Unexpected number in JSON at position 161 (line 7 column 15)
2025-02-22T13:42:05.238Z error: Non-Operational Error - StatusCode: 400, Message: Unexpected number in JSON at position 161 (line 7 column 15)
2025-02-22T13:42:05.831Z error: Non-Operational Error - StatusCode: 400, Message: Unexpected number in JSON at position 161 (line 7 column 15)
2025-02-22T13:42:39.066Z error: Non-Operational Error - StatusCode: 400, Message: Unexpected number in JSON at position 161 (line 7 column 15)
2025-02-22T13:42:40.145Z error: Non-Operational Error - StatusCode: 400, Message: Unexpected number in JSON at position 161 (line 7 column 15)
2025-02-22T13:42:40.883Z error: Non-Operational Error - StatusCode: 400, Message: Unexpected number in JSON at position 161 (line 7 column 15)
2025-02-22T13:42:41.628Z error: Non-Operational Error - StatusCode: 400, Message: Unexpected number in JSON at position 161 (line 7 column 15)
2025-02-22T16:17:09.287Z error: Non-Operational Error - StatusCode: 500, Message: Cannot read properties of undefined (reading '_id')
2025-02-22T16:24:50.601Z error: Non-Operational Error - StatusCode: 500, Message: companyData validation failed: companyPic: Path `companyPic` is required., userId: Path `userId` is required.
2025-02-22T16:27:11.802Z error: Non-Operational Error - StatusCode: 500, Message: companyData validation failed: companyPic: Path `companyPic` is required., userId: Path `userId` is required.
2025-02-22T16:29:18.372Z error: Non-Operational Error - StatusCode: 500, Message: companyData validation failed: companyPic: Path `companyPic` is required., userId: Path `userId` is required.
2025-02-22T16:31:16.659Z error: Non-Operational Error - StatusCode: 500, Message: companyData validation failed: companyPic: Path `companyPic` is required., userId: Path `userId` is required.
2025-02-22T16:32:49.531Z error: Non-Operational Error - StatusCode: 500, Message: companyData validation failed: companyPic: Path `companyPic` is required., userId: Path `userId` is required.
2025-02-22T16:35:21.553Z error: Non-Operational Error - StatusCode: 500, Message: companyData validation failed: companyPic: Path `companyPic` is required., userId: Path `userId` is required.
2025-02-22T16:37:12.110Z error: Non-Operational Error - StatusCode: 500, Message: companyData validation failed: companyPic: Path `companyPic` is required., userId: Path `userId` is required.
2025-02-22T16:40:58.364Z error: Non-Operational Error - StatusCode: 500, Message: companyData validation failed: companyPic: Path `companyPic` is required., userId: Path `userId` is required.
2025-02-22T16:41:52.575Z error: Non-Operational Error - StatusCode: 500, Message: companyData validation failed: companyPic: Path `companyPic` is required., userId: Path `userId` is required.
2025-02-22T16:41:53.723Z error: Non-Operational Error - StatusCode: 500, Message: companyData validation failed: companyPic: Path `companyPic` is required., userId: Path `userId` is required.
2025-02-22T16:42:01.242Z error: Non-Operational Error - StatusCode: 500, Message: companyData validation failed: companyPic: Path `companyPic` is required., userId: Path `userId` is required.
2025-02-22T16:42:02.022Z error: Non-Operational Error - StatusCode: 500, Message: companyData validation failed: companyPic: Path `companyPic` is required., userId: Path `userId` is required.
2025-02-22T16:42:02.460Z error: Non-Operational Error - StatusCode: 500, Message: companyData validation failed: companyPic: Path `companyPic` is required., userId: Path `userId` is required.
2025-02-22T16:42:39.834Z error: Non-Operational Error - StatusCode: 500, Message: Cannot read properties of undefined (reading '_id')
2025-02-22T16:43:42.812Z error: Non-Operational Error - StatusCode: 500, Message: companyData validation failed: companyPic: Path `companyPic` is required.
2025-02-22T16:44:18.173Z error: Non-Operational Error - StatusCode: 500, Message: companyData validation failed: companyPic: Path `companyPic` is required.
2025-02-22T16:44:19.269Z error: Non-Operational Error - StatusCode: 500, Message: companyData validation failed: companyPic: Path `companyPic` is required.
2025-02-22T16:44:20.300Z error: Non-Operational Error - StatusCode: 500, Message: companyData validation failed: companyPic: Path `companyPic` is required.
2025-02-22T16:57:46.689Z error: Non-Operational Error - StatusCode: 500, Message: Cannot read properties of undefined (reading 'filename')
2025-02-22T16:58:25.288Z error: Non-Operational Error - StatusCode: 500, Message: Cannot read properties of undefined (reading 'filename')
2025-02-22T16:59:49.809Z error: Non-Operational Error - StatusCode: 500, Message: Cannot read properties of undefined (reading 'filename')
2025-02-22T17:00:29.758Z error: Non-Operational Error - StatusCode: 500, Message: Cannot read properties of undefined (reading 'filename')
2025-02-22T17:01:11.084Z error: Non-Operational Error - StatusCode: 500, Message: Cannot read properties of undefined (reading 'filename')
2025-02-22T17:01:11.947Z error: Non-Operational Error - StatusCode: 500, Message: Cannot read properties of undefined (reading 'filename')
2025-02-22T17:01:13.169Z error: Non-Operational Error - StatusCode: 500, Message: Cannot read properties of undefined (reading 'filename')
2025-02-22T17:01:13.356Z error: Non-Operational Error - StatusCode: 500, Message: Cannot read properties of undefined (reading 'filename')
2025-02-22T17:01:13.682Z error: Non-Operational Error - StatusCode: 500, Message: Cannot read properties of undefined (reading 'filename')
2025-02-22T17:01:13.993Z error: Non-Operational Error - StatusCode: 500, Message: Cannot read properties of undefined (reading 'filename')
2025-02-22T17:01:14.090Z error: Non-Operational Error - StatusCode: 500, Message: Cannot read properties of undefined (reading 'filename')
2025-02-22T17:01:14.316Z error: Non-Operational Error - StatusCode: 500, Message: Cannot read properties of undefined (reading 'filename')
2025-02-22T17:01:14.412Z error: Non-Operational Error - StatusCode: 500, Message: Cannot read properties of undefined (reading 'filename')
2025-02-22T17:01:14.661Z error: Non-Operational Error - StatusCode: 500, Message: Cannot read properties of undefined (reading 'filename')
2025-02-22T17:01:30.658Z error: Non-Operational Error - StatusCode: 500, Message: Cannot read properties of undefined (reading 'filename')
2025-02-22T17:02:17.781Z error: Non-Operational Error - StatusCode: 500, Message: Cannot read properties of undefined (reading 'filename')
2025-02-22T17:02:58.909Z error: Non-Operational Error - StatusCode: 500, Message: Cannot read properties of undefined (reading 'filename')
2025-02-22T17:03:02.383Z error: Non-Operational Error - StatusCode: 500, Message: Cannot read properties of undefined (reading 'filename')
2025-02-22T17:07:25.144Z error: Non-Operational Error - StatusCode: 500, Message: Cannot read properties of undefined (reading '_id')
2025-02-22T18:19:43.248Z error: Non-Operational Error - StatusCode: 500, Message: Cannot read properties of undefined (reading '_id')
2025-02-22T18:24:58.550Z error: Non-Operational Error - StatusCode: 500, Message: reviewData validation failed: userId: Path `userId` is required.
2025-02-22T18:28:02.009Z error: Non-Operational Error - StatusCode: 500, Message: reviewData validation failed: userId: Path `userId` is required.
2025-02-22T18:29:54.068Z error: Non-Operational Error - StatusCode: 500, Message: reviewData validation failed: userId: Path `userId` is required.
